(0000) 3000  0011000000000000 (   6)                 .ORIG x3000
(3000) E20A  1110001000001010 (   9)                 LEA   R1 ind1
(3001) E40B  1110010000001011 (  10)                 LEA   R2 ind2
(3002) 480E  0100100000001110 (  12)                 JSR   ese1v1
(3003) E20A  1110001000001010 (  14)                 LEA   R1 ind1
(3004) E40B  1110010000001011 (  15)                 LEA   R2 ind2
(3005) 480E  0100100000001110 (  16)                 JSR   ese1v1
(3006) E20A  1110001000001010 (  18)                 LEA   R1 ind1
(3007) E40B  1110010000001011 (  19)                 LEA   R2 ind2
(3008) 480E  0100100000001110 (  20)                 JSR   ese1v1
(3009) 0E09  0000111000001001 (  21) stoqui          BRNZP stoqui
(300A) 300C  0011000000001100 (  24) ind1            .FILL x300C
(300B) 300D  0011000000001101 (  25) ind2            .FILL x300D
(300C) 002F  0000000000101111 (  26) num1            .FILL x002F
(300D) FFB1  1111111110110001 (  27) num2            .FILL xFFB1
(300E) 6240  0110001001000000 (  32) ese1v1          LDR   R1 R1 #0
(300F) 6240  0110001001000000 (  33)                 LDR   R1 R1 #0
(3010) 6480  0110010010000000 (  35)                 LDR   R2 R2 #0
(3011) 6480  0110010010000000 (  36)                 LDR   R2 R2 #0
(3012) 90BF  1001000010111111 (  37)                 NOT   R0 R2
(3013) 1021  0001000000100001 (  38)                 ADD   R0 R0 #1
(3014) 1040  0001000001000000 (  40)                 ADD   R0 R1 R0
(3015) 0818  0000100000011000 (  42)                 BRN   min
(3016) 041B  0000010000011011 (  43)                 BRZ   ugu
(3017) 021C  0000001000011100 (  44)                 BRP   mag
(3018) 5020  0101000000100000 (  46) min             AND   R0 R0 #0
(3019) 103F  0001000000111111 (  47)                 ADD   R0 R0 #-1
(301A) D000  1101000000000000 (  48)                 RET   
(301B) D000  1101000000000000 (  52) ugu             RET   
(301C) 5020  0101000000100000 (  54) mag             AND   R0 R0 #0
(301D) 1021  0001000000100001 (  55)                 ADD   R0 R0 #1
(301E) D000  1101000000000000 (  56)                 RET   
