(0000) 3000  0011000000000000 (   1)                 .ORIG x3000
(3000) 2008  0010000000001000 (   2)                 LD    R0 num1
(3001) 2209  0010001000001001 (   3)                 LD    R1 num2
(3002) 480A  0100100000001010 (   4)                 JSR   sottop
(3003) 3006  0011000000000110 (   5)                 ST    R0 spazio1
(3004) 3207  0011001000000111 (   6)                 ST    R1 spazio2
(3005) 0E05  0000111000000101 (   7) stoqui          BRNZP stoqui
(3006) 0000  0000000000000000 (  12) spazio1         .FILL x0000
(3007) 0000  0000000000000000 (  13) spazio2         .FILL x0000
(3008) 8000  1000000000000000 (  13) num1            .FILL x8000
(3009) FFFF  1111111111111111 (  14) num2            .FILL xFFFF
(300A) 1020  0001000000100000 (  17) sottop          ADD   R0 R0 #0
(300B) 040E  0000010000001110 (  18)                 BRZ   ris1
(300C) 0211  0000001000010001 (  19)                 BRP   p2
(300D) 0815  0000100000010101 (  20)                 BRN   p3
(300E) 1240  0001001001000000 (  22) ris1            ADD   R1 R1 R0
(300F) 5020  0101000000100000 (  23)                 AND   R0 R0 #0
(3010) 0E27  0000111000100111 (  24)                 BRNZP fine
(3011) 1260  0001001001100000 (  28) p2              ADD   R1 R1 #0
(3012) 040E  0000010000001110 (  29)                 BRZ   ris1
(3013) 0219  0000001000011001 (  30)                 BRP   ris2
(3014) 080E  0000100000001110 (  31)                 BRN   ris1
(3015) 1260  0001001001100000 (  35) p3              ADD   R1 R1 #0
(3016) 040E  0000010000001110 (  36)                 BRZ   ris1
(3017) 020E  0000001000001110 (  37)                 BRP   ris1
(3018) 0820  0000100000100000 (  38)                 BRN   ris3
(3019) 1240  0001001001000000 (  42) ris2            ADD   R1 R1 R0
(301A) 081D  0000100000011101 (  43)                 BRN   risf1
(301B) 5020  0101000000100000 (  44)                 AND   R0 R0 #0
(301C) 0E27  0000111000100111 (  45)                 BRNZP fine
(301D) 5020  0101000000100000 (  49) risf1           AND   R0 R0 #0
(301E) 1021  0001000000100001 (  50)                 ADD   R0 R0 #1
(301F) 0E27  0000111000100111 (  51)                 BRNZP fine
(3020) 1240  0001001001000000 (  55) ris3            ADD   R1 R1 R0
(3021) 0224  0000001000100100 (  56)                 BRP   risf2
(3022) 5020  0101000000100000 (  57)                 AND   R0 R0 #0
(3023) 0E27  0000111000100111 (  58)                 BRNZP fine
(3024) 5020  0101000000100000 (  62) risf2           AND   R0 R0 #0
(3025) 103F  0001000000111111 (  63)                 ADD   R0 R0 #-1
(3026) 0E27  0000111000100111 (  64)                 BRNZP fine
(3027) D000  1101000000000000 (  66) fine            RET   
