(0000) 3000  0011000000000000 (   6) άς             .ORIG x3000
(3000) 5260  0101001001100000 (   8)                 AND   R1 R1 #0
(3001) 126A  0001001001101010 (   9)                 ADD   R1 R1 #10
(3002) 54A0  0101010010100000 (  10)                 AND   R2 R2 #0
(3003) 14AD  0001010010101101 (  11)                 ADD   R2 R2 #13
(3004) 4806  0100100000000110 (  12)                 JSR   ese1v1
(3005) 0E05  0000111000000101 (  13) stoqui          BRNZP stoqui
(3006) 3613  0011011000010011 (  20) ese1v1          ST    R3 salvaR3
(3007) 56E0  0101011011100000 (  22)                 AND   R3 R3 #0
(3008) 5020  0101000000100000 (  24)                 AND   R0 R0 #0
(3009) 94BF  1001010010111111 (  25)                 NOT   R2 R2
(300A) 14A1  0001010010100001 (  26)                 ADD   R2 R2 #1
(300B) 1642  0001011001000010 (  27)                 ADD   R3 R1 R2
(300C) 0411  0000010000010001 (  28)                 BRZ   zero
(300D) 020F  0000001000001111 (  29)                 BRP   posi
(300E) 0810  0000100000010000 (  30)                 BRN   nega
(300F) 1022  0001000000100010 (  31) posi            ADD   R0 R0 #2
(3010) 103F  0001000000111111 (  32) nega            ADD   R0 R0 #-1
(3011) 2613  0010011000010011 (  33) zero            LD    R3 salvaR3
(3012) D000  1101000000000000 (  34)                 RET   
(3013) 0000  0000000000000000 (  41) salvaR3         .FILL x0000
