(0000) 3000  0011000000000000 (   6) άς             .ORIG x3000
(3000) E20A  1110001000001010 (   8)                 LEA   R1 num1
(3001) E40B  1110010000001011 (   9)                 LEA   R2 num2
(3002) 480C  0100100000001100 (  11)                 JSR   ese1v1
(3003) E20A  1110001000001010 (  13)                 LEA   R1 num1
(3004) E40A  1110010000001010 (  14)                 LEA   R2 num1
(3005) 480C  0100100000001100 (  15)                 JSR   ese1v1
(3006) E20B  1110001000001011 (  17)                 LEA   R1 num2
(3007) E40A  1110010000001010 (  18)                 LEA   R2 num1
(3008) 480C  0100100000001100 (  19)                 JSR   ese1v1
(3009) 0E09  0000111000001001 (  20) stoqui          BRNZP stoqui
(300A) 002F  0000000000101111 (  23) num1            .FILL x002F
(300B) FFB1  1111111110110001 (  24) num2            .FILL xFFB1
(300C) 6240  0110001001000000 (  29) ese1v1          LDR   R1 R1 #0
(300D) 6480  0110010010000000 (  30)                 LDR   R2 R2 #0
(300E) 90BF  1001000010111111 (  31)                 NOT   R0 R2
(300F) 1021  0001000000100001 (  32)                 ADD   R0 R0 #1
(3010) 1040  0001000001000000 (  34)                 ADD   R0 R1 R0
(3011) 0814  0000100000010100 (  36)                 BRN   min
(3012) 0417  0000010000010111 (  37)                 BRZ   ugu
(3013) 0218  0000001000011000 (  38)                 BRP   mag
(3014) 5020  0101000000100000 (  40) min             AND   R0 R0 #0
(3015) 103F  0001000000111111 (  41)                 ADD   R0 R0 #-1
(3016) D000  1101000000000000 (  42)                 RET   
(3017) D000  1101000000000000 (  46) ugu             RET   
(3018) 5020  0101000000100000 (  48) mag             AND   R0 R0 #0
(3019) 1021  0001000000100001 (  49)                 ADD   R0 R0 #1
(301A) D000  1101000000000000 (  50)                 RET   
